<?xml version="1.0" encoding="UTF-8"?>
<testsuite xmlns:xsi="http://www.w3.org/2001/XMLSchema-instance" xsi:noNamespaceSchemaLocation="https://maven.apache.org/surefire/maven-surefire-plugin/xsd/surefire-test-report-3.0.xsd" version="3.0" name="com.mycompany.cobol.sample.checks.TrivialEvaluateRuleTest" time="0.325" tests="1" errors="0" skipped="0" failures="0">
  <properties>
    <property name="sun.desktop" value="windows"/>
    <property name="awt.toolkit" value="sun.awt.windows.WToolkit"/>
    <property name="java.specification.version" value="11"/>
    <property name="sun.cpu.isalist" value="amd64"/>
    <property name="sun.jnu.encoding" value="Cp1252"/>
    <property name="java.class.path" value="C:\Users\AC29230\Downloads\sonar-custom-rules-examples\cobol-custom-rules\target\test-classes;C:\Users\AC29230\Downloads\sonar-custom-rules-examples\cobol-custom-rules\target\classes;C:\Users\AC29230\Downloads\.M2\repo\org\sonarsource\sonarqube\sonar-plugin-api\9.4.0.54424\sonar-plugin-api-9.4.0.54424.jar;C:\Users\AC29230\Downloads\sonar-custom-rules-examples\cobol-custom-rules\lib\sonar-cobol-plugin-5.2.1.7644.jar;C:\Users\AC29230\Downloads\.M2\repo\junit\junit\4.13.1\junit-4.13.1.jar;C:\Users\AC29230\Downloads\.M2\repo\org\hamcrest\hamcrest-core\1.3\hamcrest-core-1.3.jar;C:\Users\AC29230\Downloads\.M2\repo\org\hamcrest\hamcrest-all\1.1\hamcrest-all-1.1.jar;C:\Users\AC29230\Downloads\.M2\repo\ch\qos\logback\logback-classic\1.2.0\logback-classic-1.2.0.jar;C:\Users\AC29230\Downloads\.M2\repo\ch\qos\logback\logback-core\1.2.0\logback-core-1.2.0.jar;C:\Users\AC29230\Downloads\.M2\repo\org\slf4j\slf4j-api\1.7.22\slf4j-api-1.7.22.jar;"/>
    <property name="java.vm.vendor" value="Eclipse Foundation"/>
    <property name="sun.arch.data.model" value="64"/>
    <property name="user.variant" value=""/>
    <property name="java.vendor.url" value="https://adoptium.net/"/>
    <property name="user.timezone" value="America/New_York"/>
    <property name="java.vm.specification.version" value="11"/>
    <property name="os.name" value="Windows 10"/>
    <property name="sun.java.launcher" value="SUN_STANDARD"/>
    <property name="user.country" value="US"/>
    <property name="sun.boot.library.path" value="c:\PROGRA~1\Java\jdk-11.0.12+7\bin"/>
    <property name="sun.java.command" value="C:\Users\AC29230\AppData\Local\Temp\1\surefire15897050285439069773\surefirebooter-20240222084901128_3.jar C:\Users\AC29230\AppData\Local\Temp\1\surefire15897050285439069773 2024-02-22T08-48-52_367-jvmRun1 surefire-20240222084901128_1tmp surefire_0-20240222084901128_2tmp"/>
    <property name="jdk.debug" value="release"/>
    <property name="surefire.test.class.path" value="C:\Users\AC29230\Downloads\sonar-custom-rules-examples\cobol-custom-rules\target\test-classes;C:\Users\AC29230\Downloads\sonar-custom-rules-examples\cobol-custom-rules\target\classes;C:\Users\AC29230\Downloads\.M2\repo\org\sonarsource\sonarqube\sonar-plugin-api\9.4.0.54424\sonar-plugin-api-9.4.0.54424.jar;C:\Users\AC29230\Downloads\sonar-custom-rules-examples\cobol-custom-rules\lib\sonar-cobol-plugin-5.2.1.7644.jar;C:\Users\AC29230\Downloads\.M2\repo\junit\junit\4.13.1\junit-4.13.1.jar;C:\Users\AC29230\Downloads\.M2\repo\org\hamcrest\hamcrest-core\1.3\hamcrest-core-1.3.jar;C:\Users\AC29230\Downloads\.M2\repo\org\hamcrest\hamcrest-all\1.1\hamcrest-all-1.1.jar;C:\Users\AC29230\Downloads\.M2\repo\ch\qos\logback\logback-classic\1.2.0\logback-classic-1.2.0.jar;C:\Users\AC29230\Downloads\.M2\repo\ch\qos\logback\logback-core\1.2.0\logback-core-1.2.0.jar;C:\Users\AC29230\Downloads\.M2\repo\org\slf4j\slf4j-api\1.7.22\slf4j-api-1.7.22.jar;"/>
    <property name="sun.cpu.endian" value="little"/>
    <property name="user.home" value="C:\Users\AC29230"/>
    <property name="user.language" value="en"/>
    <property name="java.specification.vendor" value="Oracle Corporation"/>
    <property name="java.version.date" value="2021-07-20"/>
    <property name="java.home" value="c:\PROGRA~1\Java\jdk-11.0.12+7"/>
    <property name="file.separator" value="\"/>
    <property name="basedir" value="C:\Users\AC29230\Downloads\sonar-custom-rules-examples\cobol-custom-rules"/>
    <property name="java.vm.compressedOopsMode" value="Zero based"/>
    <property name="line.separator" value="&#10;"/>
    <property name="java.specification.name" value="Java Platform API Specification"/>
    <property name="java.vm.specification.vendor" value="Oracle Corporation"/>
    <property name="java.awt.graphicsenv" value="sun.awt.Win32GraphicsEnvironment"/>
    <property name="surefire.real.class.path" value="C:\Users\AC29230\AppData\Local\Temp\1\surefire15897050285439069773\surefirebooter-20240222084901128_3.jar"/>
    <property name="user.script" value=""/>
    <property name="sun.management.compiler" value="HotSpot 64-Bit Tiered Compilers"/>
    <property name="java.runtime.version" value="11.0.12+7"/>
    <property name="user.name" value="AC29230"/>
    <property name="path.separator" value=";"/>
    <property name="os.version" value="10.0"/>
    <property name="java.runtime.name" value="OpenJDK Runtime Environment"/>
    <property name="file.encoding" value="Cp1252"/>
    <property name="java.vm.name" value="OpenJDK 64-Bit Server VM"/>
    <property name="java.vendor.version" value="Temurin-11.0.12+7"/>
    <property name="localRepository" value="C:\Users\AC29230\Downloads\.M2\repo"/>
    <property name="java.vendor.url.bug" value="https://github.com/adoptium/adoptium-support/issues"/>
    <property name="java.io.tmpdir" value="C:\Users\AC29230\AppData\Local\Temp\1\"/>
    <property name="java.version" value="11.0.12"/>
    <property name="user.dir" value="C:\Users\AC29230\Downloads\sonar-custom-rules-examples\cobol-custom-rules"/>
    <property name="os.arch" value="amd64"/>
    <property name="java.vm.specification.name" value="Java Virtual Machine Specification"/>
    <property name="java.awt.printerjob" value="sun.awt.windows.WPrinterJob"/>
    <property name="sun.os.patch.level" value=""/>
    <property name="java.library.path" value="c:\PROGRA~1\Java\jdk-11.0.12+7\bin;C:\WINDOWS\Sun\Java\bin;C:\WINDOWS\system32;C:\WINDOWS;C:\Program Files\Java\jdk-11.0.12+7\bin;C:\Program Files\Java\jdk-11.0.12+7-jre\bin;C:\Program Files (x86)\Common Files\Oracle\Java\javapath;C:\oracle64\client\product\12.1.0\client_1\bin;C:\Program Files\Teradata\Client\16.10\bin;C:\Program Files (x86)\Teradata\Client\16.10\bin;C:\Progra~2\Sybase\DBISQL\bin;C:\Progra~2\Sybase\DataAccess\ADONET\dll;C:\Progra~2\Sybase\DataAccess\ODBC\dll;C:\Progra~2\Sybase\DataAccess\OLEDB\dll;C:\Progra~2\Sybase\OCS-15_0\lib3p;C:\Progra~2\Sybase\OCS-15_0\dll;C:\Progra~2\Sybase\OCS-15_0\bin;C:\Program Files (x86)\RSA SecurID Token Common;C:\Program Files\RSA SecurID Token Common;C:\WINDOWS\system32;C:\WINDOWS;C:\WINDOWS\System32\Wbem;C:\WINDOWS\System32\WindowsPowerShell\v1.0\;C:\WINDOWS\System32\OpenSSH\;C:\PROGRA~1\IBM\SQLLIB\BIN;C:\PROGRA~1\IBM\SQLLIB\FUNCTION;C:\Program Files\Microsoft SQL Server\130\Tools\Binn\;C:\Program Files (x86)\Microsoft SQL Server\110\DTS\Binn\;C:\Program Files (x86)\Microsoft SQL Server\120\DTS\Binn\;C:\Program Files (x86)\Microsoft SQL Server\130\DTS\Binn\;C:\Program Files (x86)\Microsoft SQL Server\140\DTS\Binn\;C:\Program Files (x86)\Microsoft SQL Server\Client SDK\ODBC\130\Tools\Binn\;C:\Program Files (x86)\Microsoft SQL Server\130\Tools\Binn\;C:\Program Files (x86)\Microsoft SQL Server\130\Tools\Binn\ManagementStudio\;C:\Program Files\SASHome\x86\Secure\ccme4;C:\Program Files\SASHome\Secure\ccme4;C:\strawberry-perl-5.30.0.1-64bit\perl\bin;C:\Program Files (x86)\Webex\Plugins;C:\Program Files\Microsoft VS Code\bin;C:\WINDOWS\system32;C:\WINDOWS;C:\WINDOWS\System32\Wbem;C:\WINDOWS\System32\WindowsPowerShell\v1.0\;C:\WINDOWS\System32\OpenSSH\;C:\Program Files (x86)\Citrix\HDX\bin\;C:\Program Files\Citrix\HDX\bin\;C:\Program Files\RedHat\Podman\;C:\Program Files\Docker\Docker\resources\bin;C:\ProgramData\DockerDesktop\version-bin;C:\Program Files\nodejs\;C:\Users\AC29230\scoop\apps\yarn\current\Yarn\bin;C:\Users\AC29230\scoop\apps\yarn\current\global\node_modules\.bin;C:\Users\AC29230\scoop\shims;C:\Users\AC29230\AppData\Local\Microsoft\WindowsApps;C:\Users\AC29230\AppData\Local\Microsoft\WindowsApps;C:\Program Files\Java\jdk-11.0.12+7-jre\bin;C:\Program Files\Java\jdk-11.0.12+7\bin;C:\BambooAgent\jfrogcli;C:\Users\AC29230\Downloads\apache-maven-3.8.6\bin;C:\Users\AC29230\AppData\Roaming\npm;."/>
    <property name="java.vm.info" value="mixed mode"/>
    <property name="java.vendor" value="Eclipse Foundation"/>
    <property name="java.vm.version" value="11.0.12+7"/>
    <property name="sun.io.unicode.encoding" value="UnicodeLittle"/>
    <property name="java.class.version" value="55.0"/>
  </properties>
  <testcase name="testVisitNode" classname="com.mycompany.cobol.sample.checks.TrivialEvaluateRuleTest" time="0.108">
    <system-out><![CDATA[08:49:19.400 [Report about progress of COBOL analyzer] INFO org.B.A.A.E - 1 source file to be analyzed
08:49:19.402 [Report about progress of COBOL analyzer] INFO org.B.A.A.E - 1/1 source file has been analyzed
]]></system-out>
  </testcase>
</testsuite>